[[34mDEBUG[39m] 2022-10-18 22:29:40.943 : Logging initialized at debug level
[[34mDEBUG[39m] 2022-10-18 22:30:11.080 : Logging initialized at debug level
[[34mDEBUG[39m] 2022-10-18 22:30:11.092 : Server is up at http://localhost:5000
[[34mDEBUG[39m] 2022-10-18 22:30:28.425 : Logging initialized at debug level
[[34mDEBUG[39m] 2022-10-18 22:30:28.438 : Server is up at http://localhost:5000
[[34mDEBUG[39m] 2022-10-18 22:31:25.443 : Logging initialized at debug level
[[34mDEBUG[39m] 2022-10-18 22:31:25.452 : Server is up at http://localhost:5000
[[34mDEBUG[39m] 2022-10-18 22:31:31.095 : Logging initialized at debug level
[[34mDEBUG[39m] 2022-10-18 22:31:31.104 : Server is up at http://localhost:5000
[[34mDEBUG[39m] 2022-10-18 22:32:07.911 : Logging initialized at debug level
[[34mDEBUG[39m] 2022-10-18 22:32:07.928 : Server is up at http://localhost:5000
[[34mDEBUG[39m] 2022-10-18 22:32:52.442 : Logging initialized at debug level
[[34mDEBUG[39m] 2022-10-18 22:32:52.454 : Server is up at http://localhost:5000
[[34mDEBUG[39m] 2022-10-18 22:32:59.876 : Logging initialized at debug level
[[34mDEBUG[39m] 2022-10-18 22:32:59.898 : Server is up at http://localhost:5000
[[34mDEBUG[39m] 2022-10-18 22:34:15.970 : Logging initialized at debug level
[[34mDEBUG[39m] 2022-10-18 22:34:15.986 : Server is up at http://localhost:5000
[[34mDEBUG[39m] 2022-10-18 22:34:23.065 : Logging initialized at debug level
[[34mDEBUG[39m] 2022-10-18 22:34:23.077 : Server is up at http://localhost:5000
[[34mDEBUG[39m] 2022-10-18 22:34:36.182 : Logging initialized at debug level
[[34mDEBUG[39m] 2022-10-18 22:34:36.197 : Server is up at http://localhost:5000
[[34mDEBUG[39m] 2022-10-18 22:35:28.917 : Logging initialized at debug level
[[34mDEBUG[39m] 2022-10-18 22:35:28.928 : Server is up at http://localhost:5000
[[34mDEBUG[39m] 2022-10-18 22:35:40.554 : Logging initialized at debug level
[[34mDEBUG[39m] 2022-10-18 22:35:40.573 : Server is up at http://localhost:5000
[[34mDEBUG[39m] 2022-10-18 22:35:51.652 : Logging initialized at debug level
[[34mDEBUG[39m] 2022-10-18 22:35:51.675 : Server is up at http://localhost:5000
[[34mDEBUG[39m] 2022-10-18 22:36:36.270 : Logging initialized at debug level
[[34mDEBUG[39m] 2022-10-18 22:36:36.281 : Server is up at http://localhost:5000
[[34mDEBUG[39m] 2022-10-18 22:37:28.891 : Logging initialized at debug level
[[34mDEBUG[39m] 2022-10-18 22:37:28.905 : Server is up at http://localhost:5000
[[34mDEBUG[39m] 2022-10-18 22:37:41.180 : Logging initialized at debug level
[[34mDEBUG[39m] 2022-10-18 22:37:41.192 : Server is up at http://localhost:5000
[[34mDEBUG[39m] 2022-10-18 22:37:50.592 : Logging initialized at debug level
[[34mDEBUG[39m] 2022-10-18 22:37:50.612 : Server is up at http://localhost:5000
[[34mDEBUG[39m] 2022-10-18 22:37:55.727 : Logging initialized at debug level
[[34mDEBUG[39m] 2022-10-18 22:37:55.741 : Server is up at http://localhost:5000
[[34mDEBUG[39m] 2022-10-18 22:38:08.014 : Logging initialized at debug level
[[34mDEBUG[39m] 2022-10-18 22:38:08.025 : Server is up at http://localhost:5000
[[34mDEBUG[39m] 2022-10-18 22:38:13.024 : Logging initialized at debug level
[[34mDEBUG[39m] 2022-10-18 22:38:13.044 : Server is up at http://localhost:5000
[[34mDEBUG[39m] 2022-10-18 22:38:46.064 : Logging initialized at debug level
[[34mDEBUG[39m] 2022-10-18 22:38:46.078 : Server is up at http://localhost:5000
[[34mDEBUG[39m] 2022-10-18 22:38:55.025 : Logging initialized at debug level
[[34mDEBUG[39m] 2022-10-18 22:38:55.037 : Server is up at http://localhost:5000
[[34mDEBUG[39m] 2022-10-18 22:39:04.475 : Logging initialized at debug level
[[34mDEBUG[39m] 2022-10-18 22:39:04.487 : Server is up at http://localhost:5000
[[34mDEBUG[39m] 2022-10-18 22:40:39.591 : Logging initialized at debug level
[[34mDEBUG[39m] 2022-10-18 22:40:39.613 : Server is up at http://localhost:5000
[[34mDEBUG[39m] 2022-10-18 22:41:19.711 : Logging initialized at debug level
[[34mDEBUG[39m] 2022-10-18 22:41:19.728 : Server is up at http://localhost:5000
[[34mDEBUG[39m] 2022-10-18 22:41:57.010 : Logging initialized at debug level
[[34mDEBUG[39m] 2022-10-18 22:41:57.027 : Server is up at http://localhost:5000
[[34mDEBUG[39m] 2022-10-18 22:42:10.243 : Logging initialized at debug level
[[34mDEBUG[39m] 2022-10-18 22:42:10.259 : Server is up at http://localhost:5000
[[34mDEBUG[39m] 2022-10-18 22:42:31.287 : Logging initialized at debug level
[[34mDEBUG[39m] 2022-10-18 22:42:31.303 : Server is up at http://localhost:5000
[[34mDEBUG[39m] 2022-10-18 22:44:09.191 : Logging initialized at debug level
[[34mDEBUG[39m] 2022-10-18 22:44:09.207 : Server is up at http://localhost:5000
[[34mDEBUG[39m] 2022-10-18 22:44:41.847 : Logging initialized at debug level
[[34mDEBUG[39m] 2022-10-18 22:44:41.884 : Server is up at http://localhost:5000
[[34mDEBUG[39m] 2022-10-18 22:45:33.550 : Logging initialized at debug level
[[34mDEBUG[39m] 2022-10-18 22:45:33.563 : Server is up at http://localhost:5000
[[34mDEBUG[39m] 2022-10-18 22:45:36.670 : Logging initialized at debug level
[[34mDEBUG[39m] 2022-10-18 22:45:36.685 : Server is up at http://localhost:5000
[[34mDEBUG[39m] 2022-10-18 22:59:43.590 : Logging initialized at debug level
[[34mDEBUG[39m] 2022-10-18 22:59:43.613 : Server is up at http://localhost:5000
[[34mDEBUG[39m] 2022-10-18 23:03:29.573 : Logging initialized at debug level
[[34mDEBUG[39m] 2022-10-18 23:03:29.597 : Server is up at http://localhost:5000
[[34mDEBUG[39m] 2022-10-18 23:04:02.131 : Logging initialized at debug level
[[34mDEBUG[39m] 2022-10-18 23:04:02.174 : Server is up at http://localhost:5000
[[34mDEBUG[39m] 2022-10-18 23:09:14.549 : Logging initialized at debug level
[[34mDEBUG[39m] 2022-10-18 23:09:14.580 : Server is up at http://localhost:5000
[[34mDEBUG[39m] 2022-10-18 23:09:52.285 : Logging initialized at debug level
[[34mDEBUG[39m] 2022-10-18 23:09:52.317 : Server is up at http://localhost:5000
[[34mDEBUG[39m] 2022-10-18 23:09:55.252 : Logging initialized at debug level
[[34mDEBUG[39m] 2022-10-18 23:09:55.274 : Server is up at http://localhost:5000
[[34mDEBUG[39m] 2022-10-18 23:14:10.148 : Logging initialized at debug level
[[34mDEBUG[39m] 2022-10-18 23:14:10.221 : Server is up at http://localhost:5000
[[34mDEBUG[39m] 2022-10-18 23:14:52.058 : Logging initialized at debug level
[[34mDEBUG[39m] 2022-10-18 23:14:52.130 : Server is up at http://localhost:5000
[[34mDEBUG[39m] 2022-10-18 23:14:55.138 : Logging initialized at debug level
[[34mDEBUG[39m] 2022-10-18 23:14:55.160 : Server is up at http://localhost:5000
[[34mDEBUG[39m] 2022-10-18 23:15:31.537 : Logging initialized at debug level
[[34mDEBUG[39m] 2022-10-18 23:15:31.561 : Server is up at http://localhost:5000
[[34mDEBUG[39m] 2022-10-18 23:16:47.357 : Logging initialized at debug level
[[34mDEBUG[39m] 2022-10-18 23:16:47.378 : Server is up at http://localhost:5000
[[34mDEBUG[39m] 2022-10-18 23:48:49.049 : Logging initialized at debug level
[[34mDEBUG[39m] 2022-10-18 23:48:49.079 : Server is up at http://localhost:5000
[[34mDEBUG[39m] 2022-10-18 23:48:53.929 : Logging initialized at debug level
[[34mDEBUG[39m] 2022-10-18 23:48:54.088 : Server is up at http://localhost:5000
[[34mDEBUG[39m] 2022-10-18 23:50:00.834 : Salt generated: $2a$10$7zejl3UYZkb8kK8y5ghx4e
[[34mDEBUG[39m] 2022-10-18 23:50:00.991 : Hash generated: $2a$10$7zejl3UYZkb8kK8y5ghx4eceGfQJ5hP0Cdo4FlHL0q9CB/fhqLu5q
[[34mDEBUG[39m] 2022-10-18 23:50:01.020 : New user created: [object Object]
[[34mDEBUG[39m] 2022-10-18 23:51:34.068 : Logging initialized at debug level
[[34mDEBUG[39m] 2022-10-18 23:51:34.196 : Server is up at http://localhost:5000
[[34mDEBUG[39m] 2022-10-18 23:51:43.849 : Logging initialized at debug level
[[34mDEBUG[39m] 2022-10-18 23:51:43.958 : Server is up at http://localhost:5000
[[34mDEBUG[39m] 2022-10-18 23:51:52.065 : Logging initialized at debug level
[[34mDEBUG[39m] 2022-10-18 23:51:52.243 : Server is up at http://localhost:5000
[[34mDEBUG[39m] 2022-10-18 23:51:56.576 : Salt generated: $2a$10$pRN4BX86WNC.sYSgrsjx0u
[[34mDEBUG[39m] 2022-10-18 23:51:56.695 : Hash generated: $2a$10$pRN4BX86WNC.sYSgrsjx0u.VU6MkduaQp/sZC3iNVXQQmSOfUzK/a
[[34mDEBUG[39m] 2022-10-18 23:51:56.719 : New user created: [object Object]
[[31mERROR[39m] 2022-10-18 23:52:02.995 : Username already exists
[[34mDEBUG[39m] 2022-10-18 23:52:50.376 : Logging initialized at debug level
[[34mDEBUG[39m] 2022-10-18 23:52:50.483 : Server is up at http://localhost:5000
[[34mDEBUG[39m] 2022-10-18 23:52:53.929 : Salt generated: $2a$10$UsOHsgjlbc3R7l.I6kyACe
[[34mDEBUG[39m] 2022-10-18 23:52:54.046 : Hash generated: $2a$10$UsOHsgjlbc3R7l.I6kyACeVv1utwyIS8ZDw83QT3I2ggu700lBzRi
[[34mDEBUG[39m] 2022-10-18 23:52:54.069 : New user created: [object Object]
[[34mDEBUG[39m] 2022-10-18 23:55:02.700 : Logging initialized at debug level
[[34mDEBUG[39m] 2022-10-18 23:55:02.841 : Server is up at http://localhost:5000
[[34mDEBUG[39m] 2022-10-18 23:55:49.615 : Logging initialized at debug level
[[34mDEBUG[39m] 2022-10-18 23:55:49.749 : Server is up at http://localhost:5000
[[34mDEBUG[39m] 2022-10-18 23:58:32.070 : Logging initialized at debug level
[[34mDEBUG[39m] 2022-10-18 23:58:32.264 : Server is up at http://localhost:5000
[[34mDEBUG[39m] 2022-10-19 00:01:02.564 : Logging initialized at debug level
[[34mDEBUG[39m] 2022-10-19 00:01:02.681 : Server is up at http://localhost:5000
[[34mDEBUG[39m] 2022-10-19 00:01:26.302 : Logging initialized at debug level
[[34mDEBUG[39m] 2022-10-19 00:01:26.411 : Server is up at http://localhost:5000
[[34mDEBUG[39m] 2022-10-19 00:02:04.866 : Logging initialized at debug level
[[34mDEBUG[39m] 2022-10-19 00:02:04.978 : Server is up at http://localhost:5000
[[34mDEBUG[39m] 2022-10-19 00:02:20.410 : Salt generated: $2a$10$cbB0JxdepLJwYunELt3m5.
[[34mDEBUG[39m] 2022-10-19 00:02:20.530 : Hash generated: $2a$10$cbB0JxdepLJwYunELt3m5.eQ2WenlRUjD.3KFioX/Ikdr6q9FKi9.
[[34mDEBUG[39m] 2022-10-19 00:02:20.553 : New user created: amanss@mydomain.com
[[34mDEBUG[39m] 2022-10-19 00:02:41.491 : Logging initialized at debug level
[[34mDEBUG[39m] 2022-10-19 00:02:41.635 : Server is up at http://localhost:5000
[[34mDEBUG[39m] 2022-10-19 00:02:49.437 : Salt generated: $2a$10$Ctg46PI3usuC9vua53hjRO
[[34mDEBUG[39m] 2022-10-19 00:02:49.573 : Hash generated: $2a$10$Ctg46PI3usuC9vua53hjROM2azakwX1t7yzNwizrYi11ViOwi6x2C
[[34mDEBUG[39m] 2022-10-19 00:02:49.590 : New user created: amansss@mydomain.com
[[34mDEBUG[39m] 2022-10-19 00:03:37.860 : Logging initialized at debug level
[[34mDEBUG[39m] 2022-10-19 00:03:37.971 : Server is up at http://localhost:5000
[[34mDEBUG[39m] 2022-10-19 00:03:44.706 : Salt generated: $2a$10$wK.49Huzcg9A6CqzQw..uu
[[34mDEBUG[39m] 2022-10-19 00:03:44.821 : Hash generated: $2a$10$wK.49Huzcg9A6CqzQw..uu1ynyfVnXSKkuhjOJ0jZc9/7rACE6ntW
[[34mDEBUG[39m] 2022-10-19 00:03:44.845 : New user created: amanssss@mydomain.com
[[34mDEBUG[39m] 2022-10-19 00:04:06.284 : Logging initialized at debug level
[[34mDEBUG[39m] 2022-10-19 00:04:06.389 : Server is up at http://localhost:5000
[[34mDEBUG[39m] 2022-10-19 00:04:18.798 : Salt generated: $2a$10$CEok6MoTnSFMh71caDyjcO
[[34mDEBUG[39m] 2022-10-19 00:04:18.926 : Hash generated: $2a$10$CEok6MoTnSFMh71caDyjcOiJu/IDjczy.OefYYrEO7.HeVSZLph6.
[[34mDEBUG[39m] 2022-10-19 00:04:18.948 : New user created: amansssss@mydomain.com
[[34mDEBUG[39m] 2022-10-19 00:06:34.856 : Logging initialized at debug level
[[34mDEBUG[39m] 2022-10-19 00:06:34.992 : Server is up at http://localhost:5000
[[34mDEBUG[39m] 2022-10-19 00:08:38.873 : Logging initialized at debug level
[[34mDEBUG[39m] 2022-10-19 00:08:39.000 : Server is up at http://localhost:5000
[[34mDEBUG[39m] 2022-10-19 00:10:05.317 : Logging initialized at debug level
[[34mDEBUG[39m] 2022-10-19 00:10:05.431 : Server is up at http://localhost:5000
[[34mDEBUG[39m] 2022-10-19 00:12:18.489 : Logging initialized at debug level
[[34mDEBUG[39m] 2022-10-19 00:12:18.605 : Server is up at http://localhost:5000
[[34mDEBUG[39m] 2022-10-19 00:13:28.597 : Logging initialized at debug level
[[34mDEBUG[39m] 2022-10-19 00:13:28.710 : Server is up at http://localhost:5000
[[34mDEBUG[39m] 2022-10-19 00:17:31.441 : Logging initialized at debug level
[[34mDEBUG[39m] 2022-10-19 00:17:31.606 : Server is up at http://localhost:5000
[[34mDEBUG[39m] 2022-10-19 00:17:50.845 : Logging initialized at debug level
[[34mDEBUG[39m] 2022-10-19 00:17:51.024 : Server is up at http://localhost:5000
[[34mDEBUG[39m] 2022-10-19 00:18:24.440 : Logging initialized at debug level
[[34mDEBUG[39m] 2022-10-19 00:18:24.559 : Server is up at http://localhost:5000
[[34mDEBUG[39m] 2022-10-19 00:18:41.064 : Logging initialized at debug level
[[34mDEBUG[39m] 2022-10-19 00:18:41.197 : Server is up at http://localhost:5000
[[34mDEBUG[39m] 2022-10-19 00:18:51.308 : Salt generated: $2a$10$NC2r.qE0cVvQVYCc5wDUZO
[[34mDEBUG[39m] 2022-10-19 00:18:51.435 : Hash generated: $2a$10$NC2r.qE0cVvQVYCc5wDUZOuQ17KuDMC/Jgyz0IFGDV6Zpck3PJL4C
[[34mDEBUG[39m] 2022-10-19 00:18:51.454 : New user created: amanssssss@mydomain.com
[[34mDEBUG[39m] 2022-10-19 00:20:22.823 : Logging initialized at debug level
[[34mDEBUG[39m] 2022-10-19 00:20:22.947 : Server is up at http://localhost:5000
[[34mDEBUG[39m] 2022-10-19 00:22:22.520 : Logging initialized at debug level
[[34mDEBUG[39m] 2022-10-19 00:22:22.685 : Server is up at http://localhost:5000
[[34mDEBUG[39m] 2022-10-19 00:22:26.225 : Logging initialized at debug level
[[34mDEBUG[39m] 2022-10-19 00:22:26.342 : Server is up at http://localhost:5000
[[34mDEBUG[39m] 2022-10-19 00:22:35.147 : Logging initialized at debug level
[[34mDEBUG[39m] 2022-10-19 00:22:35.299 : Server is up at http://localhost:5000
[[34mDEBUG[39m] 2022-10-19 00:22:42.618 : Logging initialized at debug level
[[34mDEBUG[39m] 2022-10-19 00:22:42.887 : Server is up at http://localhost:5000
[[34mDEBUG[39m] 2022-10-19 00:22:50.467 : Logging initialized at debug level
[[34mDEBUG[39m] 2022-10-19 00:22:50.581 : Server is up at http://localhost:5000
[[34mDEBUG[39m] 2022-10-19 00:22:57.930 : Logging initialized at debug level
[[34mDEBUG[39m] 2022-10-19 00:22:58.061 : Server is up at http://localhost:5000
[[34mDEBUG[39m] 2022-10-19 00:23:06.508 : Logging initialized at debug level
[[34mDEBUG[39m] 2022-10-19 00:23:06.630 : Server is up at http://localhost:5000
[[34mDEBUG[39m] 2022-10-19 00:23:22.385 : Logging initialized at debug level
[[34mDEBUG[39m] 2022-10-19 00:23:22.503 : Server is up at http://localhost:5000
[[34mDEBUG[39m] 2022-10-19 00:24:55.651 : Logging initialized at debug level
[[34mDEBUG[39m] 2022-10-19 00:24:55.778 : Server is up at http://localhost:5000
[[34mDEBUG[39m] 2022-10-19 00:25:10.662 : Logging initialized at debug level
[[34mDEBUG[39m] 2022-10-19 00:25:10.777 : Server is up at http://localhost:5000
[[34mDEBUG[39m] 2022-10-19 00:25:33.766 : Logging initialized at debug level
[[34mDEBUG[39m] 2022-10-19 00:25:33.869 : Server is up at http://localhost:5000
[[34mDEBUG[39m] 2022-10-19 00:26:31.449 : Logging initialized at debug level
[[34mDEBUG[39m] 2022-10-19 00:26:31.560 : Server is up at http://localhost:5000
[[34mDEBUG[39m] 2022-10-19 00:27:02.255 : Logging initialized at debug level
[[34mDEBUG[39m] 2022-10-19 00:27:02.423 : Server is up at http://localhost:5000
[[34mDEBUG[39m] 2022-10-19 00:27:06.989 : Logging initialized at debug level
[[34mDEBUG[39m] 2022-10-19 00:27:07.115 : Server is up at http://localhost:5000
[[34mDEBUG[39m] 2022-10-19 00:27:19.168 : Logging initialized at debug level
[[34mDEBUG[39m] 2022-10-19 00:27:19.487 : Server is up at http://localhost:5000
[[34mDEBUG[39m] 2022-10-19 00:27:25.407 : Logging initialized at debug level
[[34mDEBUG[39m] 2022-10-19 00:27:25.526 : Server is up at http://localhost:5000
[[34mDEBUG[39m] 2022-10-19 00:28:16.179 : Logging initialized at debug level
[[34mDEBUG[39m] 2022-10-19 00:28:16.307 : Server is up at http://localhost:5000
[[34mDEBUG[39m] 2022-10-19 00:28:31.293 : Logging initialized at debug level
[[34mDEBUG[39m] 2022-10-19 00:28:31.431 : Server is up at http://localhost:5000
[[34mDEBUG[39m] 2022-10-19 00:29:29.267 : Logging initialized at debug level
[[34mDEBUG[39m] 2022-10-19 00:29:29.571 : Server is up at http://localhost:5000
[[34mDEBUG[39m] 2022-10-19 00:29:30.465 : Logging initialized at debug level
[[34mDEBUG[39m] 2022-10-19 00:29:30.605 : Server is up at http://localhost:5000
[[34mDEBUG[39m] 2022-10-19 00:30:03.062 : Logging initialized at debug level
[[34mDEBUG[39m] 2022-10-19 00:30:03.199 : Server is up at http://localhost:5000
[[34mDEBUG[39m] 2022-10-19 00:31:21.681 : Logging initialized at debug level
[[34mDEBUG[39m] 2022-10-19 00:31:21.882 : Server is up at http://localhost:5000
[[34mDEBUG[39m] 2022-10-19 00:31:25.397 : Logging initialized at debug level
[[34mDEBUG[39m] 2022-10-19 00:31:25.511 : Server is up at http://localhost:5000
[[34mDEBUG[39m] 2022-10-19 00:31:32.213 : Logging initialized at debug level
[[34mDEBUG[39m] 2022-10-19 00:31:32.343 : Server is up at http://localhost:5000
[[34mDEBUG[39m] 2022-10-19 00:31:41.357 : Logging initialized at debug level
[[34mDEBUG[39m] 2022-10-19 00:31:41.594 : Server is up at http://localhost:5000
[[34mDEBUG[39m] 2022-10-19 00:31:51.285 : Logging initialized at debug level
[[34mDEBUG[39m] 2022-10-19 00:31:51.405 : Server is up at http://localhost:5000
[[34mDEBUG[39m] 2022-10-19 00:32:09.350 : Session found, deserializing user
[[34mDEBUG[39m] 2022-10-19 00:32:13.321 : Session found, deserializing user
[[34mDEBUG[39m] 2022-10-19 00:32:32.256 : Logging initialized at debug level
[[34mDEBUG[39m] 2022-10-19 00:32:32.393 : Server is up at http://localhost:5000
[[34mDEBUG[39m] 2022-10-19 00:32:37.540 : Session found, deserializing user
[[34mDEBUG[39m] 2022-10-19 00:33:04.175 : Logging initialized at debug level
[[34mDEBUG[39m] 2022-10-19 00:33:04.299 : Server is up at http://localhost:5000
[[34mDEBUG[39m] 2022-10-19 00:33:09.247 : Logging initialized at debug level
[[34mDEBUG[39m] 2022-10-19 00:33:09.363 : Server is up at http://localhost:5000
[[34mDEBUG[39m] 2022-10-19 00:34:01.373 : Logging initialized at debug level
[[34mDEBUG[39m] 2022-10-19 00:34:01.505 : Server is up at http://localhost:5000
[[34mDEBUG[39m] 2022-10-19 00:34:03.856 : Session found, deserializing user
[[34mDEBUG[39m] 2022-10-19 00:34:09.361 : Session found, deserializing user
[[34mDEBUG[39m] 2022-10-19 00:34:30.195 : Session found, deserializing user
[[34mDEBUG[39m] 2022-10-19 00:34:32.511 : Session found, deserializing user
[[34mDEBUG[39m] 2022-10-19 00:34:36.868 : Session found, deserializing user
[[34mDEBUG[39m] 2022-10-19 00:35:12.983 : Session found, deserializing user
[[34mDEBUG[39m] 2022-10-19 00:35:34.492 : Logging initialized at debug level
[[34mDEBUG[39m] 2022-10-19 00:35:34.621 : Server is up at http://localhost:5000
[[34mDEBUG[39m] 2022-10-19 00:35:36.805 : Session found, deserializing user
[[34mDEBUG[39m] 2022-10-19 00:35:42.835 : Session found, deserializing user
[[34mDEBUG[39m] 2022-10-19 00:35:43.710 : Session found, deserializing user
[[34mDEBUG[39m] 2022-10-19 00:35:44.502 : Session found, deserializing user
[[34mDEBUG[39m] 2022-10-19 00:35:45.261 : Session found, deserializing user
[[34mDEBUG[39m] 2022-10-19 00:35:52.886 : Session found, deserializing user
[[34mDEBUG[39m] 2022-10-19 00:35:55.031 : Session found, deserializing user
[[34mDEBUG[39m] 2022-10-19 00:35:55.902 : Session found, deserializing user
[[34mDEBUG[39m] 2022-10-19 00:37:00.427 : Logging initialized at debug level
[[34mDEBUG[39m] 2022-10-19 00:37:00.545 : Server is up at http://localhost:5000
[[34mDEBUG[39m] 2022-10-19 00:37:09.337 : Session found, deserializing user
[[34mDEBUG[39m] 2022-10-19 00:37:10.179 : Session found, deserializing user
[[34mDEBUG[39m] 2022-10-19 00:37:10.812 : Session found, deserializing user
[[34mDEBUG[39m] 2022-10-19 00:37:18.315 : Session found, deserializing user
[[34mDEBUG[39m] 2022-10-19 00:37:19.858 : Session found, deserializing user
[[34mDEBUG[39m] 2022-10-19 00:37:48.432 : Logging initialized at debug level
[[34mDEBUG[39m] 2022-10-19 00:37:48.562 : Server is up at http://localhost:5000
[[34mDEBUG[39m] 2022-10-19 00:37:52.653 : Session found, deserializing user
[[34mDEBUG[39m] 2022-10-19 00:37:58.101 : Session found, deserializing user
[[34mDEBUG[39m] 2022-10-19 00:38:01.495 : Session found, deserializing user
[[34mDEBUG[39m] 2022-10-19 00:38:03.111 : Session found, deserializing user
[[34mDEBUG[39m] 2022-10-19 00:38:05.350 : Session found, deserializing user
[[34mDEBUG[39m] 2022-10-19 00:38:11.373 : Session found, deserializing user
[[34mDEBUG[39m] 2022-10-19 00:38:13.045 : Session found, deserializing user
[[34mDEBUG[39m] 2022-10-19 00:43:22.830 : Logging initialized at debug level
[[34mDEBUG[39m] 2022-10-19 00:43:23.163 : Server is up at http://localhost:5000
[[34mDEBUG[39m] 2022-10-19 00:43:51.613 : Logging initialized at debug level
[[34mDEBUG[39m] 2022-10-19 00:43:51.817 : Server is up at http://localhost:5000
[[34mDEBUG[39m] 2022-10-19 00:44:23.007 : Logging initialized at debug level
[[34mDEBUG[39m] 2022-10-19 00:44:23.135 : Server is up at http://localhost:5000
[[34mDEBUG[39m] 2022-10-19 00:44:26.500 : Logging initialized at debug level
[[34mDEBUG[39m] 2022-10-19 00:44:26.622 : Server is up at http://localhost:5000
[[34mDEBUG[39m] 2022-10-19 00:44:31.626 : Logging initialized at debug level
[[34mDEBUG[39m] 2022-10-19 00:44:31.751 : Server is up at http://localhost:5000
